<?xml version="1.0" encoding="UTF-8"?>
<testsuite xmlns:xsi="http://www.w3.org/2001/XMLSchema-instance" xsi:noNamespaceSchemaLocation="https://maven.apache.org/surefire/maven-surefire-plugin/xsd/surefire-test-report.xsd" name="TestSuite" time="1.856" tests="9" errors="0" skipped="6" failures="3">
  <properties>
[...]
</properties>
  <testcase name="setDriver" classname="org.example.Orangelogin" time="1.61">
    <failure message="Could not start a new session. Possible causes are invalid address of the remote server or browser start-up failure. &#10;Host info: host: &apos;SAKTHI_SUBZ&apos;, ip: &apos;192.168.1.12&apos;&#10;Build info: version: &apos;4.9.0&apos;, revision: &apos;d7057100a6&apos;&#10;System info: os.name: &apos;Windows 11&apos;, os.arch: &apos;amd64&apos;, os.version: &apos;10.0&apos;, java.version: &apos;17.0.7&apos;&#10;Driver info: org.openqa.selenium.remote.RemoteWebDriver&#10;Command: [null, newSession {capabilities=[Capabilities {browserName: chrome, goog:chromeOptions: {args: [--remote-allow-origins=*], extensions: []}}]}]&#10;Capabilities {browserName: chrome, goog:chromeOptions: {args: [--remote-allow-origins=*], extensions: []}}" type="org.openqa.selenium.SessionNotCreatedException">org.openqa.selenium.SessionNotCreatedException: 
Could not start a new session. Possible causes are invalid address of the remote server or browser start-up failure. 
Host info: host: 'SAKTHI_SUBZ', ip: '192.168.1.12'
Build info: version: '4.9.0', revision: 'd7057100a6'
System info: os.name: 'Windows 11', os.arch: 'amd64', os.version: '10.0', java.version: '17.0.7'
Driver info: org.openqa.selenium.remote.RemoteWebDriver
Command: [null, newSession {capabilities=[Capabilities {browserName: chrome, goog:chromeOptions: {args: [--remote-allow-origins=*], extensions: []}}]}]
Capabilities {browserName: chrome, goog:chromeOptions: {args: [--remote-allow-origins=*], extensions: []}}
Caused by: java.io.UncheckedIOException: java.net.ConnectException: Connection refused: no further information: localhost/[0:0:0:0:0:0:0:1]:4445
Caused by: java.net.ConnectException: Connection refused: no further information: localhost/[0:0:0:0:0:0:0:1]:4445
Caused by: io.netty.channel.AbstractChannel$AnnotatedConnectException: Connection refused: no further information: localhost/[0:0:0:0:0:0:0:1]:4445
Caused by: java.net.ConnectException: Connection refused: no further information
</failure>
    <system-out><![CDATA[Test is running on chrome
]]></system-out>
    <system-err><![CDATA[SLF4J: Failed to load class "org.slf4j.impl.StaticLoggerBinder".
SLF4J: Defaulting to no-operation (NOP) logger implementation
SLF4J: See http://www.slf4j.org/codes.html#StaticLoggerBinder for further details.
May 11, 2023 3:05:00 PM org.openqa.selenium.remote.tracing.opentelemetry.OpenTelemetryTracer createTracer
INFO: Using OpenTelemetry for tracing
]]></system-err>
  </testcase>
  <testcase name="setDriver" classname="org.example.Orangelogin" time="0.063">
    <failure message="Could not start a new session. Possible causes are invalid address of the remote server or browser start-up failure. &#10;Host info: host: &apos;SAKTHI_SUBZ&apos;, ip: &apos;192.168.1.12&apos;&#10;Build info: version: &apos;4.9.0&apos;, revision: &apos;d7057100a6&apos;&#10;System info: os.name: &apos;Windows 11&apos;, os.arch: &apos;amd64&apos;, os.version: &apos;10.0&apos;, java.version: &apos;17.0.7&apos;&#10;Driver info: org.openqa.selenium.remote.RemoteWebDriver&#10;Command: [null, newSession {capabilities=[Capabilities {acceptInsecureCerts: true, browserName: firefox, moz:debuggerAddress: true, moz:firefoxOptions: {}}]}]&#10;Capabilities {acceptInsecureCerts: true, browserName: firefox, moz:debuggerAddress: true, moz:firefoxOptions: {}}" type="org.openqa.selenium.SessionNotCreatedException">org.openqa.selenium.SessionNotCreatedException: 
Could not start a new session. Possible causes are invalid address of the remote server or browser start-up failure. 
Host info: host: 'SAKTHI_SUBZ', ip: '192.168.1.12'
Build info: version: '4.9.0', revision: 'd7057100a6'
System info: os.name: 'Windows 11', os.arch: 'amd64', os.version: '10.0', java.version: '17.0.7'
Driver info: org.openqa.selenium.remote.RemoteWebDriver
Command: [null, newSession {capabilities=[Capabilities {acceptInsecureCerts: true, browserName: firefox, moz:debuggerAddress: true, moz:firefoxOptions: {}}]}]
Capabilities {acceptInsecureCerts: true, browserName: firefox, moz:debuggerAddress: true, moz:firefoxOptions: {}}
Caused by: java.io.UncheckedIOException: java.net.ConnectException: Connection refused: no further information: localhost/[0:0:0:0:0:0:0:1]:4445
Caused by: java.net.ConnectException: Connection refused: no further information: localhost/[0:0:0:0:0:0:0:1]:4445
Caused by: io.netty.channel.AbstractChannel$AnnotatedConnectException: Connection refused: no further information: localhost/[0:0:0:0:0:0:0:1]:4445
Caused by: java.net.ConnectException: Connection refused: no further information
</failure>
    <system-out><![CDATA[Test is running on firefox
]]></system-out>
  </testcase>
  <testcase name="setDriver" classname="org.example.Orangelogin" time="0.024">
    <failure message="Could not start a new session. Possible causes are invalid address of the remote server or browser start-up failure. &#10;Host info: host: &apos;SAKTHI_SUBZ&apos;, ip: &apos;192.168.1.12&apos;&#10;Build info: version: &apos;4.9.0&apos;, revision: &apos;d7057100a6&apos;&#10;System info: os.name: &apos;Windows 11&apos;, os.arch: &apos;amd64&apos;, os.version: &apos;10.0&apos;, java.version: &apos;17.0.7&apos;&#10;Driver info: org.openqa.selenium.remote.RemoteWebDriver&#10;Command: [null, newSession {capabilities=[Capabilities {browserName: MicrosoftEdge, ms:edgeOptions: {args: [--remote-allow-origins=*], extensions: []}}]}]&#10;Capabilities {browserName: MicrosoftEdge, ms:edgeOptions: {args: [--remote-allow-origins=*], extensions: []}}" type="org.openqa.selenium.SessionNotCreatedException">org.openqa.selenium.SessionNotCreatedException: 
Could not start a new session. Possible causes are invalid address of the remote server or browser start-up failure. 
Host info: host: 'SAKTHI_SUBZ', ip: '192.168.1.12'
Build info: version: '4.9.0', revision: 'd7057100a6'
System info: os.name: 'Windows 11', os.arch: 'amd64', os.version: '10.0', java.version: '17.0.7'
Driver info: org.openqa.selenium.remote.RemoteWebDriver
Command: [null, newSession {capabilities=[Capabilities {browserName: MicrosoftEdge, ms:edgeOptions: {args: [--remote-allow-origins=*], extensions: []}}]}]
Capabilities {browserName: MicrosoftEdge, ms:edgeOptions: {args: [--remote-allow-origins=*], extensions: []}}
Caused by: java.io.UncheckedIOException: java.net.ConnectException: Connection refused: no further information: localhost/[0:0:0:0:0:0:0:1]:4445
Caused by: java.net.ConnectException: Connection refused: no further information: localhost/[0:0:0:0:0:0:0:1]:4445
Caused by: io.netty.channel.AbstractChannel$AnnotatedConnectException: Connection refused: no further information: localhost/[0:0:0:0:0:0:0:1]:4445
Caused by: java.net.ConnectException: Connection refused: no further information
</failure>
    <system-out><![CDATA[Test is running on edge
]]></system-out>
  </testcase>
  <testcase name="login" classname="org.example.Orangelogin" time="0">
    <skipped message="Could not start a new session. Possible causes are invalid address of the remote server or browser start-up failure. &#10;Host info: host: &apos;SAKTHI_SUBZ&apos;, ip: &apos;192.168.1.12&apos;&#10;Build info: version: &apos;4.9.0&apos;, revision: &apos;d7057100a6&apos;&#10;System info: os.name: &apos;Windows 11&apos;, os.arch: &apos;amd64&apos;, os.version: &apos;10.0&apos;, java.version: &apos;17.0.7&apos;&#10;Driver info: org.openqa.selenium.remote.RemoteWebDriver&#10;Command: [null, newSession {capabilities=[Capabilities {browserName: chrome, goog:chromeOptions: {args: [--remote-allow-origins=*], extensions: []}}]}]&#10;Capabilities {browserName: chrome, goog:chromeOptions: {args: [--remote-allow-origins=*], extensions: []}}"/>
  </testcase>
  <testcase name="login" classname="org.example.Orangelogin" time="0">
    <skipped message="Could not start a new session. Possible causes are invalid address of the remote server or browser start-up failure. &#10;Host info: host: &apos;SAKTHI_SUBZ&apos;, ip: &apos;192.168.1.12&apos;&#10;Build info: version: &apos;4.9.0&apos;, revision: &apos;d7057100a6&apos;&#10;System info: os.name: &apos;Windows 11&apos;, os.arch: &apos;amd64&apos;, os.version: &apos;10.0&apos;, java.version: &apos;17.0.7&apos;&#10;Driver info: org.openqa.selenium.remote.RemoteWebDriver&#10;Command: [null, newSession {capabilities=[Capabilities {acceptInsecureCerts: true, browserName: firefox, moz:debuggerAddress: true, moz:firefoxOptions: {}}]}]&#10;Capabilities {acceptInsecureCerts: true, browserName: firefox, moz:debuggerAddress: true, moz:firefoxOptions: {}}"/>
  </testcase>
  <testcase name="login" classname="org.example.Orangelogin" time="0">
    <skipped message="Could not start a new session. Possible causes are invalid address of the remote server or browser start-up failure. &#10;Host info: host: &apos;SAKTHI_SUBZ&apos;, ip: &apos;192.168.1.12&apos;&#10;Build info: version: &apos;4.9.0&apos;, revision: &apos;d7057100a6&apos;&#10;System info: os.name: &apos;Windows 11&apos;, os.arch: &apos;amd64&apos;, os.version: &apos;10.0&apos;, java.version: &apos;17.0.7&apos;&#10;Driver info: org.openqa.selenium.remote.RemoteWebDriver&#10;Command: [null, newSession {capabilities=[Capabilities {browserName: MicrosoftEdge, ms:edgeOptions: {args: [--remote-allow-origins=*], extensions: []}}]}]&#10;Capabilities {browserName: MicrosoftEdge, ms:edgeOptions: {args: [--remote-allow-origins=*], extensions: []}}"/>
  </testcase>
  <testcase name="closeBrowser" classname="org.example.Orangelogin" time="0">
    <skipped/>
  </testcase>
  <testcase name="closeBrowser" classname="org.example.Orangelogin" time="0">
    <skipped/>
  </testcase>
  <testcase name="closeBrowser" classname="org.example.Orangelogin" time="0">
    <skipped/>
  </testcase>
</testsuite>